Performing C SOURCE FILE Test CMAKE_HAVE_LIBC_PTHREAD failed with the following output:
Change Dir: /home/a3brx/Studies/caal/classes/1-dynamic-programming/cmake-build-debug/CMakeFiles/CMakeTmp

Run Build Command(s):/usr/bin/make cmTC_21dbc/fast && /usr/bin/make -f CMakeFiles/cmTC_21dbc.dir/build.make CMakeFiles/cmTC_21dbc.dir/build
make[1]: Entering directory '/home/a3brx/Studies/caal/classes/1-dynamic-programming/cmake-build-debug/CMakeFiles/CMakeTmp'
Building C object CMakeFiles/cmTC_21dbc.dir/src.c.o
/usr/bin/gcc   -DCMAKE_HAVE_LIBC_PTHREAD   -o CMakeFiles/cmTC_21dbc.dir/src.c.o   -c /home/a3brx/Studies/caal/classes/1-dynamic-programming/cmake-build-debug/CMakeFiles/CMakeTmp/src.c
Linking C executable cmTC_21dbc
/usr/bin/cmake -E cmake_link_script CMakeFiles/cmTC_21dbc.dir/link.txt --verbose=1
/usr/bin/gcc  -DCMAKE_HAVE_LIBC_PTHREAD    -rdynamic CMakeFiles/cmTC_21dbc.dir/src.c.o  -o cmTC_21dbc 
/usr/bin/ld: CMakeFiles/cmTC_21dbc.dir/src.c.o: in function `main':
src.c:(.text+0x3e): undefined reference to `pthread_create'
/usr/bin/ld: src.c:(.text+0x4a): undefined reference to `pthread_detach'
/usr/bin/ld: src.c:(.text+0x5b): undefined reference to `pthread_join'
collect2: error: ld returned 1 exit status
make[1]: *** [CMakeFiles/cmTC_21dbc.dir/build.make:87: cmTC_21dbc] Error 1
make[1]: Leaving directory '/home/a3brx/Studies/caal/classes/1-dynamic-programming/cmake-build-debug/CMakeFiles/CMakeTmp'
make: *** [Makefile:121: cmTC_21dbc/fast] Error 2


Source file was:
#include <pthread.h>

void* test_func(void* data)
{
  return data;
}

int main(void)
{
  pthread_t thread;
  pthread_create(&thread, NULL, test_func, NULL);
  pthread_detach(thread);
  pthread_join(thread, NULL);
  pthread_atfork(NULL, NULL, NULL);
  pthread_exit(NULL);

  return 0;
}

Determining if the function pthread_create exists in the pthreads failed with the following output:
Change Dir: /home/a3brx/Studies/caal/classes/1-dynamic-programming/cmake-build-debug/CMakeFiles/CMakeTmp

Run Build Command(s):/usr/bin/make cmTC_ed295/fast && /usr/bin/make -f CMakeFiles/cmTC_ed295.dir/build.make CMakeFiles/cmTC_ed295.dir/build
make[1]: Entering directory '/home/a3brx/Studies/caal/classes/1-dynamic-programming/cmake-build-debug/CMakeFiles/CMakeTmp'
Building C object CMakeFiles/cmTC_ed295.dir/CheckFunctionExists.c.o
/usr/bin/gcc   -DCHECK_FUNCTION_EXISTS=pthread_create   -o CMakeFiles/cmTC_ed295.dir/CheckFunctionExists.c.o   -c /usr/share/cmake-3.16/Modules/CheckFunctionExists.c
Linking C executable cmTC_ed295
/usr/bin/cmake -E cmake_link_script CMakeFiles/cmTC_ed295.dir/link.txt --verbose=1
/usr/bin/gcc  -DCHECK_FUNCTION_EXISTS=pthread_create    -rdynamic CMakeFiles/cmTC_ed295.dir/CheckFunctionExists.c.o  -o cmTC_ed295  -lpthreads 
/usr/bin/ld: cannot find -lpthreads
collect2: error: ld returned 1 exit status
make[1]: *** [CMakeFiles/cmTC_ed295.dir/build.make:87: cmTC_ed295] Error 1
make[1]: Leaving directory '/home/a3brx/Studies/caal/classes/1-dynamic-programming/cmake-build-debug/CMakeFiles/CMakeTmp'
make: *** [Makefile:121: cmTC_ed295/fast] Error 2



